[2021-12-11 20:47:22.697] [exthost] [info] Extension host with pid 4426 started
[2021-12-11 20:47:22.697] [exthost] [info] Skipping acquiring lock for /home/meatshifter/.config/Code/User/workspaceStorage/cb4c65ee2a43107eee40c54ec8ff0138.
[2021-12-11 20:47:33.026] [exthost] [info] ExtensionService#_doActivateExtension vscode.microsoft-authentication, startup: false, activationEvent: 'onAuthenticationRequest:microsoft'
[2021-12-11 20:47:33.674] [exthost] [info] ExtensionService#_doActivateExtension vscode.debug-auto-launch, startup: true, activationEvent: '*'
[2021-12-11 20:47:33.793] [exthost] [info] ExtensionService#_doActivateExtension vscode.git-base, startup: true, activationEvent: '*', root cause: vscode.github
[2021-12-11 20:47:33.910] [exthost] [info] ExtensionService#_doActivateExtension formulahendry.auto-close-tag, startup: true, activationEvent: '*'
[2021-12-11 20:47:34.183] [exthost] [info] ExtensionService#_doActivateExtension formulahendry.auto-rename-tag, startup: true, activationEvent: '*'
[2021-12-11 20:47:42.396] [exthost] [info] ExtensionService#_doActivateExtension vscode.emmet, startup: false, activationEvent: 'onStartupFinished'
[2021-12-11 20:47:42.778] [exthost] [info] ExtensionService#_doActivateExtension vscode.merge-conflict, startup: false, activationEvent: 'onStartupFinished'
[2021-12-11 20:47:42.973] [exthost] [info] ExtensionService#_doActivateExtension darkriszty.markdown-table-prettify, startup: false, activationEvent: 'onStartupFinished'
[2021-12-11 20:47:45.906] [exthost] [info] ExtensionService#_doActivateExtension esbenp.prettier-vscode, startup: false, activationEvent: 'onStartupFinished'
[2021-12-11 20:47:56.713] [exthost] [info] ExtensionService#_doActivateExtension fcrespo82.markdown-table-formatter, startup: false, activationEvent: 'onStartupFinished'
[2021-12-11 20:47:57.476] [exthost] [info] ExtensionService#_doActivateExtension formulahendry.code-runner, startup: false, activationEvent: 'onStartupFinished'
[2021-12-11 20:47:58.487] [exthost] [info] ExtensionService#_doActivateExtension vscode.github-authentication, startup: false, activationEvent: 'onAuthenticationRequest:github'
[2021-12-11 20:48:01.119] [exthost] [info] ExtensionService#_doActivateExtension vscode.git, startup: true, activationEvent: '*'
[2021-12-11 20:48:01.871] [exthost] [info] ExtensionService#_doActivateExtension vscode.github, startup: true, activationEvent: '*'
[2021-12-11 20:48:03.623] [exthost] [info] Eager extensions activated
[2021-12-11 21:25:09.285] [exthost] [info] ExtensionService#_doActivateExtension vscode.extension-editing, startup: false, activationEvent: 'onLanguage:markdown'
[2021-12-11 21:25:09.375] [exthost] [info] ExtensionService#_doActivateExtension vscode.markdown-language-features, startup: false, activationEvent: 'onLanguage:markdown'
[2021-12-11 21:25:09.589] [exthost] [info] ExtensionService#_doActivateExtension csholmq.excel-to-markdown-table, startup: false, activationEvent: 'onLanguage:markdown'
[2021-12-11 21:25:09.633] [exthost] [info] ExtensionService#_doActivateExtension goessner.mdmath, startup: false, activationEvent: 'onLanguage:markdown'
[2021-12-11 21:25:09.644] [exthost] [info] ExtensionService#_doActivateExtension yzane.markdown-pdf, startup: false, activationEvent: 'onLanguage:markdown'
[2021-12-11 21:25:10.899] [exthost] [info] ExtensionService#_doActivateExtension vscode.markdown-math, startup: false, activationEvent: 'api', root cause: vscode.markdown-language-features
[2021-12-11 21:25:10.943] [exthost] [info] ExtensionService#_doActivateExtension bierner.markdown-checkbox, startup: false, activationEvent: 'api', root cause: vscode.markdown-language-features
[2021-12-11 21:25:10.948] [exthost] [info] ExtensionService#_doActivateExtension bierner.markdown-emoji, startup: false, activationEvent: 'api', root cause: vscode.markdown-language-features
[2021-12-11 21:25:10.958] [exthost] [info] ExtensionService#_doActivateExtension bierner.markdown-mermaid, startup: false, activationEvent: 'api', root cause: vscode.markdown-language-features
[2021-12-11 21:25:10.963] [exthost] [info] ExtensionService#_doActivateExtension bierner.markdown-yaml-preamble, startup: false, activationEvent: 'api', root cause: vscode.markdown-language-features
[2021-12-11 21:30:08.510] [exthost] [info] ExtensionService#_doActivateExtension KnisterPeter.vscode-github, startup: false, activationEvent: '*'
[2021-12-11 21:30:24.814] [exthost] [info] extension host terminating: renderer closed the socket
[2021-12-11 21:30:24.908] [exthost] [info] Extension host with pid 4426 exiting with code 0
[2021-12-11 21:30:37.422] [exthost] [info] Extension host with pid 8406 started
[2021-12-11 21:30:37.423] [exthost] [info] Skipping acquiring lock for /home/meatshifter/.config/Code/User/workspaceStorage/cb4c65ee2a43107eee40c54ec8ff0138.
[2021-12-11 21:30:38.850] [exthost] [info] ExtensionService#_doActivateExtension vscode.microsoft-authentication, startup: false, activationEvent: 'onAuthenticationRequest:microsoft'
[2021-12-11 21:30:38.918] [exthost] [info] ExtensionService#_doActivateExtension vscode.extension-editing, startup: false, activationEvent: 'onLanguage:markdown'
[2021-12-11 21:30:38.953] [exthost] [info] ExtensionService#_doActivateExtension vscode.markdown-language-features, startup: false, activationEvent: 'onLanguage:markdown'
[2021-12-11 21:30:39.137] [exthost] [info] ExtensionService#_doActivateExtension csholmq.excel-to-markdown-table, startup: false, activationEvent: 'onLanguage:markdown'
[2021-12-11 21:30:39.232] [exthost] [info] ExtensionService#_doActivateExtension goessner.mdmath, startup: false, activationEvent: 'onLanguage:markdown'
[2021-12-11 21:30:39.237] [exthost] [info] ExtensionService#_doActivateExtension yzane.markdown-pdf, startup: false, activationEvent: 'onLanguage:markdown'
[2021-12-11 21:30:39.249] [exthost] [info] ExtensionService#_doActivateExtension vscode.debug-auto-launch, startup: true, activationEvent: '*'
[2021-12-11 21:30:39.269] [exthost] [info] ExtensionService#_doActivateExtension vscode.git-base, startup: true, activationEvent: '*', root cause: vscode.github
[2021-12-11 21:30:39.278] [exthost] [info] ExtensionService#_doActivateExtension formulahendry.auto-close-tag, startup: true, activationEvent: '*'
[2021-12-11 21:30:39.289] [exthost] [info] ExtensionService#_doActivateExtension formulahendry.auto-rename-tag, startup: true, activationEvent: '*'
[2021-12-11 21:30:41.332] [exthost] [info] ExtensionService#_doActivateExtension vscode.markdown-math, startup: false, activationEvent: 'api', root cause: vscode.markdown-language-features
[2021-12-11 21:30:41.345] [exthost] [info] ExtensionService#_doActivateExtension bierner.markdown-mermaid, startup: false, activationEvent: 'api', root cause: vscode.markdown-language-features
[2021-12-11 21:30:41.352] [exthost] [info] ExtensionService#_doActivateExtension vscode.git, startup: true, activationEvent: '*'
[2021-12-11 21:30:41.446] [exthost] [info] ExtensionService#_doActivateExtension vscode.github, startup: true, activationEvent: '*'
[2021-12-11 21:30:42.075] [exthost] [info] ExtensionService#_doActivateExtension vscode.github-authentication, startup: false, activationEvent: 'onAuthenticationRequest:github'
[2021-12-11 21:30:42.425] [exthost] [info] Eager extensions activated
[2021-12-11 21:30:42.845] [exthost] [info] ExtensionService#_doActivateExtension vscode.emmet, startup: false, activationEvent: 'onStartupFinished'
[2021-12-11 21:30:42.861] [exthost] [info] ExtensionService#_doActivateExtension vscode.merge-conflict, startup: false, activationEvent: 'onStartupFinished'
[2021-12-11 21:30:42.868] [exthost] [info] ExtensionService#_doActivateExtension darkriszty.markdown-table-prettify, startup: false, activationEvent: 'onStartupFinished'
[2021-12-11 21:30:43.249] [exthost] [info] ExtensionService#_doActivateExtension esbenp.prettier-vscode, startup: false, activationEvent: 'onStartupFinished'
[2021-12-11 21:30:44.289] [exthost] [info] ExtensionService#_doActivateExtension fcrespo82.markdown-table-formatter, startup: false, activationEvent: 'onStartupFinished'
[2021-12-11 21:30:44.339] [exthost] [info] ExtensionService#_doActivateExtension formulahendry.code-runner, startup: false, activationEvent: 'onStartupFinished'
[2021-12-11 21:31:10.305] [exthost] [info] ExtensionService#_doActivateExtension bierner.markdown-emoji, startup: false, activationEvent: 'api', root cause: vscode.markdown-language-features
[2021-12-11 21:32:43.808] [exthost] [info] ExtensionService#_doActivateExtension vscode.configuration-editing, startup: false, activationEvent: 'onLanguage:jsonc'
[2021-12-11 21:32:43.849] [exthost] [info] ExtensionService#_doActivateExtension vscode.json-language-features, startup: false, activationEvent: 'onLanguage:jsonc'
[2021-12-11 21:32:44.136] [exthost] [info] ExtensionService#_doActivateExtension vscode.typescript-language-features, startup: false, activationEvent: 'onLanguage:jsonc'
[2021-12-11 21:32:48.744] [exthost] [info] ExtensionService#_doActivateExtension vscode.html-language-features, startup: false, activationEvent: 'onLanguage:html'
[2021-12-11 21:32:51.048] [exthost] [info] ExtensionService#_doActivateExtension bierner.emojisense, startup: false, activationEvent: '*'
[2021-12-11 21:35:43.806] [exthost] [info] ExtensionService#_doActivateExtension silentstorm.emojify, startup: false, activationEvent: '*'
[2021-12-11 21:35:59.971] [exthost] [info] ExtensionService#_doActivateExtension hoovercj.vscode-power-mode, startup: false, activationEvent: '*'
[2021-12-12 10:12:38.425] [exthost] [info] extension host terminating: parent process 8388 does not exist anymore: kill ESRCH (code: ESRCH) (errno: -3)
[2021-12-12 10:12:38.482] [exthost] [warning] {"name":"Canceled"}
[2021-12-12 10:12:38.482] [exthost] [warning] {"name":"Canceled"}
[2021-12-12 10:12:38.482] [exthost] [warning] {"name":"Canceled"}
[2021-12-12 10:12:38.482] [exthost] [warning] {"name":"Canceled"}
[2021-12-12 10:12:38.482] [exthost] [warning] {"name":"Canceled"}
[2021-12-12 10:12:38.482] [exthost] [warning] {"name":"Canceled"}
[2021-12-12 10:12:38.482] [exthost] [warning] {"name":"Canceled"}
[2021-12-12 10:12:38.482] [exthost] [warning] {"name":"Canceled"}
[2021-12-12 10:12:38.482] [exthost] [warning] {"name":"Canceled"}
[2021-12-12 10:12:38.482] [exthost] [warning] {"name":"Canceled"}
[2021-12-12 10:12:38.482] [exthost] [warning] {"name":"Canceled"}
[2021-12-12 10:12:38.482] [exthost] [warning] {"name":"Canceled"}
[2021-12-12 10:12:38.482] [exthost] [warning] {"name":"Canceled"}
[2021-12-12 10:12:38.482] [exthost] [warning] {"name":"Canceled"}
[2021-12-12 10:12:38.482] [exthost] [warning] {"name":"Canceled"}
[2021-12-12 10:12:38.482] [exthost] [warning] {"name":"Canceled"}
[2021-12-12 10:12:38.482] [exthost] [warning] {"name":"Canceled"}
[2021-12-12 10:12:38.482] [exthost] [warning] {"name":"Canceled"}
[2021-12-12 10:12:38.482] [exthost] [warning] {"name":"Canceled"}
[2021-12-12 10:12:38.482] [exthost] [warning] {"name":"Canceled"}
[2021-12-12 10:12:38.482] [exthost] [warning] {"name":"Canceled"}
[2021-12-12 10:12:38.482] [exthost] [warning] {"name":"Canceled"}
[2021-12-12 10:12:38.482] [exthost] [warning] {"name":"Canceled"}
[2021-12-12 10:12:38.482] [exthost] [warning] {"name":"Canceled"}
[2021-12-12 10:12:38.482] [exthost] [warning] {"name":"Canceled"}
[2021-12-12 10:12:38.482] [exthost] [warning] {"name":"Canceled"}
[2021-12-12 10:12:38.482] [exthost] [warning] {"name":"Canceled"}
[2021-12-12 10:12:38.482] [exthost] [warning] {"name":"Canceled"}
[2021-12-12 10:12:38.482] [exthost] [warning] {"name":"Canceled"}
[2021-12-12 10:12:38.482] [exthost] [warning] {"name":"Canceled"}
[2021-12-12 10:12:38.482] [exthost] [warning] {"name":"Canceled"}
[2021-12-12 10:12:38.482] [exthost] [warning] {"name":"Canceled"}
[2021-12-12 10:12:38.482] [exthost] [warning] {"name":"Canceled"}
[2021-12-12 10:12:38.482] [exthost] [warning] {"name":"Canceled"}
[2021-12-12 10:12:38.482] [exthost] [warning] {"name":"Canceled"}
[2021-12-12 10:12:38.482] [exthost] [warning] {"name":"Canceled"}
[2021-12-12 10:12:38.482] [exthost] [warning] {"name":"Canceled"}
[2021-12-12 10:12:38.482] [exthost] [warning] {"name":"Canceled"}
[2021-12-12 10:12:38.482] [exthost] [warning] {"name":"Canceled"}
[2021-12-12 10:12:38.482] [exthost] [warning] {"name":"Canceled"}
[2021-12-12 10:12:38.482] [exthost] [warning] {"name":"Canceled"}
[2021-12-12 10:12:38.482] [exthost] [warning] {"name":"Canceled"}
[2021-12-12 10:12:38.482] [exthost] [warning] {"name":"Canceled"}
[2021-12-12 10:12:38.482] [exthost] [warning] {"name":"Canceled"}
[2021-12-12 10:12:38.482] [exthost] [warning] {"name":"Canceled"}
[2021-12-12 10:12:38.482] [exthost] [warning] {"name":"Canceled"}
[2021-12-12 10:12:38.482] [exthost] [warning] {"name":"Canceled"}
[2021-12-12 10:12:38.482] [exthost] [warning] {"name":"Canceled"}
[2021-12-12 10:12:38.482] [exthost] [warning] {"name":"Canceled"}
[2021-12-12 10:12:38.482] [exthost] [warning] {"name":"Canceled"}
[2021-12-12 10:12:38.482] [exthost] [warning] {"name":"Canceled"}
[2021-12-12 10:12:38.482] [exthost] [warning] {"name":"Canceled"}
[2021-12-12 10:12:38.482] [exthost] [warning] {"name":"Canceled"}
[2021-12-12 10:12:38.482] [exthost] [warning] {"name":"Canceled"}
[2021-12-12 10:12:38.482] [exthost] [warning] {"name":"Canceled"}
[2021-12-12 10:12:38.482] [exthost] [warning] {"name":"Canceled"}
[2021-12-12 10:12:38.482] [exthost] [warning] {"name":"Canceled"}
[2021-12-12 10:12:38.482] [exthost] [warning] {"name":"Canceled"}
[2021-12-12 10:12:38.482] [exthost] [warning] {"name":"Canceled"}
[2021-12-12 10:12:38.482] [exthost] [warning] {"name":"Canceled"}
[2021-12-12 10:12:38.482] [exthost] [warning] {"name":"Canceled"}
[2021-12-12 10:12:38.482] [exthost] [warning] {"name":"Canceled"}
[2021-12-12 10:12:38.482] [exthost] [warning] {"name":"Canceled"}
[2021-12-12 10:12:38.482] [exthost] [warning] {"name":"Canceled"}
[2021-12-12 10:12:38.482] [exthost] [warning] {"name":"Canceled"}
[2021-12-12 10:12:38.482] [exthost] [warning] {"name":"Canceled"}
[2021-12-12 10:12:38.482] [exthost] [warning] {"name":"Canceled"}
[2021-12-12 10:12:38.482] [exthost] [warning] {"name":"Canceled"}
[2021-12-12 10:12:38.482] [exthost] [warning] {"name":"Canceled"}
[2021-12-12 10:12:38.482] [exthost] [warning] {"name":"Canceled"}
[2021-12-12 10:12:38.482] [exthost] [warning] {"name":"Canceled"}
[2021-12-12 10:12:38.482] [exthost] [warning] {"name":"Canceled"}
[2021-12-12 10:12:38.482] [exthost] [warning] {"name":"Canceled"}
[2021-12-12 10:12:38.482] [exthost] [warning] {"name":"Canceled"}
[2021-12-12 10:12:38.482] [exthost] [warning] {"name":"Canceled"}
[2021-12-12 10:12:38.482] [exthost] [warning] {"name":"Canceled"}
[2021-12-12 10:12:38.482] [exthost] [warning] {"name":"Canceled"}
[2021-12-12 10:12:38.482] [exthost] [warning] {"name":"Canceled"}
[2021-12-12 10:12:38.500] [exthost] [info] Extension host with pid 8406 exiting with code 0
