[2021-12-12 10:12:53.869] [exthost] [info] Extension host with pid 11115 started
[2021-12-12 10:12:53.869] [exthost] [info] Skipping acquiring lock for /home/meatshifter/.config/Code/User/workspaceStorage/cb4c65ee2a43107eee40c54ec8ff0138.
[2021-12-12 10:12:54.764] [exthost] [info] ExtensionService#_doActivateExtension vscode.microsoft-authentication, startup: false, activationEvent: 'onAuthenticationRequest:microsoft'
[2021-12-12 10:12:54.894] [exthost] [info] ExtensionService#_doActivateExtension vscode.debug-auto-launch, startup: true, activationEvent: '*'
[2021-12-12 10:12:54.945] [exthost] [info] ExtensionService#_doActivateExtension vscode.git-base, startup: true, activationEvent: '*', root cause: vscode.github
[2021-12-12 10:12:54.984] [exthost] [info] ExtensionService#_doActivateExtension bierner.emojisense, startup: true, activationEvent: '*'
[2021-12-12 10:12:55.097] [exthost] [info] ExtensionService#_doActivateExtension formulahendry.auto-close-tag, startup: true, activationEvent: '*'
[2021-12-12 10:12:55.116] [exthost] [info] ExtensionService#_doActivateExtension formulahendry.auto-rename-tag, startup: true, activationEvent: '*'
[2021-12-12 10:12:55.156] [exthost] [info] ExtensionService#_doActivateExtension hoovercj.vscode-power-mode, startup: true, activationEvent: '*'
[2021-12-12 10:12:56.519] [exthost] [info] ExtensionService#_doActivateExtension vscode.github-authentication, startup: false, activationEvent: 'onAuthenticationRequest:github'
[2021-12-12 10:12:57.489] [exthost] [info] ExtensionService#_doActivateExtension vscode.git, startup: true, activationEvent: '*'
[2021-12-12 10:12:57.713] [exthost] [info] ExtensionService#_doActivateExtension vscode.github, startup: true, activationEvent: '*'
[2021-12-12 10:12:58.603] [exthost] [info] Eager extensions activated
[2021-12-12 10:12:59.244] [exthost] [info] ExtensionService#_doActivateExtension vscode.emmet, startup: false, activationEvent: 'onStartupFinished'
[2021-12-12 10:12:59.335] [exthost] [info] ExtensionService#_doActivateExtension vscode.merge-conflict, startup: false, activationEvent: 'onStartupFinished'
[2021-12-12 10:12:59.360] [exthost] [info] ExtensionService#_doActivateExtension darkriszty.markdown-table-prettify, startup: false, activationEvent: 'onStartupFinished'
[2021-12-12 10:12:59.594] [exthost] [info] ExtensionService#_doActivateExtension esbenp.prettier-vscode, startup: false, activationEvent: 'onStartupFinished'
[2021-12-12 10:13:00.823] [exthost] [info] ExtensionService#_doActivateExtension fcrespo82.markdown-table-formatter, startup: false, activationEvent: 'onStartupFinished'
[2021-12-12 10:13:00.866] [exthost] [info] ExtensionService#_doActivateExtension formulahendry.code-runner, startup: false, activationEvent: 'onStartupFinished'
[2021-12-12 10:13:15.210] [exthost] [info] ExtensionService#_doActivateExtension vscode.configuration-editing, startup: false, activationEvent: 'onLanguage:json'
[2021-12-12 10:13:15.233] [exthost] [info] ExtensionService#_doActivateExtension vscode.extension-editing, startup: false, activationEvent: 'onLanguage:json'
[2021-12-12 10:13:15.265] [exthost] [info] ExtensionService#_doActivateExtension vscode.json-language-features, startup: false, activationEvent: 'onLanguage:json'
[2021-12-12 10:13:15.365] [exthost] [info] ExtensionService#_doActivateExtension vscode.npm, startup: false, activationEvent: 'onLanguage:json'
[2021-12-12 10:13:34.382] [exthost] [info] ExtensionService#_doActivateExtension vscode.image-preview, startup: false, activationEvent: 'onCustomEditor:imagePreview.previewEditor'
[2021-12-12 10:28:41.670] [exthost] [info] ExtensionService#_doActivateExtension ExodiusStudios.comment-anchors, startup: false, activationEvent: '*'
[2021-12-12 10:38:49.562] [exthost] [info] ExtensionService#_doActivateExtension vscode.markdown-language-features, startup: false, activationEvent: 'onLanguage:markdown'
[2021-12-12 10:38:49.659] [exthost] [info] ExtensionService#_doActivateExtension csholmq.excel-to-markdown-table, startup: false, activationEvent: 'onLanguage:markdown'
[2021-12-12 10:38:49.669] [exthost] [info] ExtensionService#_doActivateExtension goessner.mdmath, startup: false, activationEvent: 'onLanguage:markdown'
[2021-12-12 10:38:49.676] [exthost] [info] ExtensionService#_doActivateExtension yzane.markdown-pdf, startup: false, activationEvent: 'onLanguage:markdown'
[2021-12-12 10:38:52.417] [exthost] [error] [ExodiusStudios.comment-anchors] provider FAILED
[2021-12-12 10:38:52.482] [exthost] [error] Error: ENOENT: no such file or directory, lstat '/home/meatshifter/LINK'
    at lstatSync (fs.js:1077:3)
    at Object.e.lstatSync (electron/js2c/asar_bundle.js:5:3528)
    at /home/meatshifter/.vscode/extensions/exodiusstudios.comment-anchors-1.9.6/out/util/linkProvider.js:43:33
    at Array.forEach (<anonymous>)
    at LinkProvider.provideDocumentLinks (/home/meatshifter/.vscode/extensions/exodiusstudios.comment-anchors-1.9.6/out/util/linkProvider.js:36:14)
    at V.provideLinks (/opt/visual-studio-code/resources/app/out/vs/workbench/services/extensions/node/extensionHostProcess.js:95:106361)
    at /opt/visual-studio-code/resources/app/out/vs/workbench/services/extensions/node/extensionHostProcess.js:95:124155
    at We._withAdapter (/opt/visual-studio-code/resources/app/out/vs/workbench/services/extensions/node/extensionHostProcess.js:95:111974)
    at We.$provideDocumentLinks (/opt/visual-studio-code/resources/app/out/vs/workbench/services/extensions/node/extensionHostProcess.js:95:124131)
    at t._doInvokeHandler (/opt/visual-studio-code/resources/app/out/vs/workbench/services/extensions/node/extensionHostProcess.js:99:13802)
    at t._invokeHandler (/opt/visual-studio-code/resources/app/out/vs/workbench/services/extensions/node/extensionHostProcess.js:99:13486)
    at t._receiveRequest (/opt/visual-studio-code/resources/app/out/vs/workbench/services/extensions/node/extensionHostProcess.js:99:12097)
    at t._receiveOneMessage (/opt/visual-studio-code/resources/app/out/vs/workbench/services/extensions/node/extensionHostProcess.js:99:10826)
    at /opt/visual-studio-code/resources/app/out/vs/workbench/services/extensions/node/extensionHostProcess.js:99:8922
    at u.fire (/opt/visual-studio-code/resources/app/out/vs/workbench/services/extensions/node/extensionHostProcess.js:66:1712)
    at r.fire (/opt/visual-studio-code/resources/app/out/vs/workbench/services/extensions/node/extensionHostProcess.js:74:18942)
    at /opt/visual-studio-code/resources/app/out/vs/workbench/services/extensions/node/extensionHostProcess.js:114:34341
    at u.fire (/opt/visual-studio-code/resources/app/out/vs/workbench/services/extensions/node/extensionHostProcess.js:66:1712)
    at r.fire (/opt/visual-studio-code/resources/app/out/vs/workbench/services/extensions/node/extensionHostProcess.js:74:18942)
    at n._receiveMessage (/opt/visual-studio-code/resources/app/out/vs/workbench/services/extensions/node/extensionHostProcess.js:74:23523)
    at /opt/visual-studio-code/resources/app/out/vs/workbench/services/extensions/node/extensionHostProcess.js:74:21057
    at u.fire (/opt/visual-studio-code/resources/app/out/vs/workbench/services/extensions/node/extensionHostProcess.js:66:1712)
    at w.acceptChunk (/opt/visual-studio-code/resources/app/out/vs/workbench/services/extensions/node/extensionHostProcess.js:74:15770)
    at /opt/visual-studio-code/resources/app/out/vs/workbench/services/extensions/node/extensionHostProcess.js:74:14900
    at Socket.T (/opt/visual-studio-code/resources/app/out/vs/workbench/services/extensions/node/extensionHostProcess.js:114:13813)
    at Socket.emit (events.js:315:20)
    at addChunk (internal/streams/readable.js:309:12)
    at readableAddChunk (internal/streams/readable.js:284:9)
    at Socket.Readable.push (internal/streams/readable.js:223:10)
    at Pipe.onStreamRead (internal/stream_base_commons.js:188:23)
[2021-12-12 10:38:53.452] [exthost] [info] ExtensionService#_doActivateExtension vscode.markdown-math, startup: false, activationEvent: 'api', root cause: vscode.markdown-language-features
[2021-12-12 10:38:53.522] [exthost] [info] ExtensionService#_doActivateExtension bierner.markdown-emoji, startup: false, activationEvent: 'api', root cause: vscode.markdown-language-features
[2021-12-12 10:38:53.534] [exthost] [info] ExtensionService#_doActivateExtension bierner.markdown-mermaid, startup: false, activationEvent: 'api', root cause: vscode.markdown-language-features
[2021-12-12 10:38:53.654] [exthost] [info] ExtensionService#_doActivateExtension vscode.typescript-language-features, startup: false, activationEvent: 'onLanguage:jsonc'
[2021-12-12 10:38:54.618] [exthost] [error] [ExodiusStudios.comment-anchors] provider FAILED
[2021-12-12 10:38:54.610] [exthost] [error] Error: ENOENT: no such file or directory, lstat '/home/meatshifter/LINK'
    at lstatSync (fs.js:1077:3)
    at Object.e.lstatSync (electron/js2c/asar_bundle.js:5:3528)
    at /home/meatshifter/.vscode/extensions/exodiusstudios.comment-anchors-1.9.6/out/util/linkProvider.js:43:33
    at Array.forEach (<anonymous>)
    at LinkProvider.provideDocumentLinks (/home/meatshifter/.vscode/extensions/exodiusstudios.comment-anchors-1.9.6/out/util/linkProvider.js:36:14)
    at V.provideLinks (/opt/visual-studio-code/resources/app/out/vs/workbench/services/extensions/node/extensionHostProcess.js:95:106361)
    at /opt/visual-studio-code/resources/app/out/vs/workbench/services/extensions/node/extensionHostProcess.js:95:124155
    at We._withAdapter (/opt/visual-studio-code/resources/app/out/vs/workbench/services/extensions/node/extensionHostProcess.js:95:111974)
    at We.$provideDocumentLinks (/opt/visual-studio-code/resources/app/out/vs/workbench/services/extensions/node/extensionHostProcess.js:95:124131)
    at t._doInvokeHandler (/opt/visual-studio-code/resources/app/out/vs/workbench/services/extensions/node/extensionHostProcess.js:99:13802)
    at t._invokeHandler (/opt/visual-studio-code/resources/app/out/vs/workbench/services/extensions/node/extensionHostProcess.js:99:13486)
    at t._receiveRequest (/opt/visual-studio-code/resources/app/out/vs/workbench/services/extensions/node/extensionHostProcess.js:99:12097)
    at t._receiveOneMessage (/opt/visual-studio-code/resources/app/out/vs/workbench/services/extensions/node/extensionHostProcess.js:99:10826)
    at /opt/visual-studio-code/resources/app/out/vs/workbench/services/extensions/node/extensionHostProcess.js:99:8922
    at u.fire (/opt/visual-studio-code/resources/app/out/vs/workbench/services/extensions/node/extensionHostProcess.js:66:1712)
    at r.fire (/opt/visual-studio-code/resources/app/out/vs/workbench/services/extensions/node/extensionHostProcess.js:74:18942)
    at /opt/visual-studio-code/resources/app/out/vs/workbench/services/extensions/node/extensionHostProcess.js:114:34341
    at u.fire (/opt/visual-studio-code/resources/app/out/vs/workbench/services/extensions/node/extensionHostProcess.js:66:1712)
    at r.fire (/opt/visual-studio-code/resources/app/out/vs/workbench/services/extensions/node/extensionHostProcess.js:74:18942)
    at n._receiveMessage (/opt/visual-studio-code/resources/app/out/vs/workbench/services/extensions/node/extensionHostProcess.js:74:23523)
    at /opt/visual-studio-code/resources/app/out/vs/workbench/services/extensions/node/extensionHostProcess.js:74:21057
    at u.fire (/opt/visual-studio-code/resources/app/out/vs/workbench/services/extensions/node/extensionHostProcess.js:66:1712)
    at w.acceptChunk (/opt/visual-studio-code/resources/app/out/vs/workbench/services/extensions/node/extensionHostProcess.js:74:15770)
    at /opt/visual-studio-code/resources/app/out/vs/workbench/services/extensions/node/extensionHostProcess.js:74:14900
    at Socket.T (/opt/visual-studio-code/resources/app/out/vs/workbench/services/extensions/node/extensionHostProcess.js:114:13813)
    at Socket.emit (events.js:315:20)
    at addChunk (internal/streams/readable.js:309:12)
    at readableAddChunk (internal/streams/readable.js:284:9)
    at Socket.Readable.push (internal/streams/readable.js:223:10)
    at Pipe.onStreamRead (internal/stream_base_commons.js:188:23)
