[2021-12-12 12:44:03.327] [exthost] [info] Extension host with pid 9063 started
[2021-12-12 12:44:03.327] [exthost] [info] Skipping acquiring lock for /home/meatshifter/.config/Code/User/workspaceStorage/cb4c65ee2a43107eee40c54ec8ff0138.
[2021-12-12 12:44:03.896] [exthost] [info] ExtensionService#_doActivateExtension vscode.microsoft-authentication, startup: false, activationEvent: 'onAuthenticationRequest:microsoft'
[2021-12-12 12:44:03.984] [exthost] [info] ExtensionService#_doActivateExtension vscode.debug-auto-launch, startup: true, activationEvent: '*'
[2021-12-12 12:44:04.017] [exthost] [info] ExtensionService#_doActivateExtension vscode.git-base, startup: true, activationEvent: '*', root cause: vscode.github
[2021-12-12 12:44:04.035] [exthost] [info] ExtensionService#_doActivateExtension bierner.emojisense, startup: true, activationEvent: '*'
[2021-12-12 12:44:04.080] [exthost] [info] ExtensionService#_doActivateExtension ExodiusStudios.comment-anchors, startup: true, activationEvent: '*'
[2021-12-12 12:44:04.273] [exthost] [info] ExtensionService#_doActivateExtension formulahendry.auto-close-tag, startup: true, activationEvent: '*'
[2021-12-12 12:44:04.280] [exthost] [info] ExtensionService#_doActivateExtension formulahendry.auto-rename-tag, startup: true, activationEvent: '*'
[2021-12-12 12:44:04.309] [exthost] [info] ExtensionService#_doActivateExtension hoovercj.vscode-power-mode, startup: true, activationEvent: '*'
[2021-12-12 12:44:06.054] [exthost] [info] ExtensionService#_doActivateExtension vscode.git, startup: true, activationEvent: '*'
[2021-12-12 12:44:06.146] [exthost] [info] ExtensionService#_doActivateExtension vscode.github, startup: true, activationEvent: '*'
[2021-12-12 12:44:06.406] [exthost] [info] ExtensionService#_doActivateExtension vscode.github-authentication, startup: false, activationEvent: 'onAuthenticationRequest:github'
[2021-12-12 12:44:06.518] [exthost] [info] Eager extensions activated
[2021-12-12 12:44:06.747] [exthost] [info] ExtensionService#_doActivateExtension vscode.emmet, startup: false, activationEvent: 'onStartupFinished'
[2021-12-12 12:44:06.779] [exthost] [info] ExtensionService#_doActivateExtension vscode.merge-conflict, startup: false, activationEvent: 'onStartupFinished'
[2021-12-12 12:44:06.794] [exthost] [info] ExtensionService#_doActivateExtension darkriszty.markdown-table-prettify, startup: false, activationEvent: 'onStartupFinished'
[2021-12-12 12:44:07.249] [exthost] [info] ExtensionService#_doActivateExtension esbenp.prettier-vscode, startup: false, activationEvent: 'onStartupFinished'
[2021-12-12 12:44:09.299] [exthost] [info] ExtensionService#_doActivateExtension fcrespo82.markdown-table-formatter, startup: false, activationEvent: 'onStartupFinished'
[2021-12-12 12:44:09.382] [exthost] [info] ExtensionService#_doActivateExtension formulahendry.code-runner, startup: false, activationEvent: 'onStartupFinished'
