Validating found git in: git
Using git 2.34.1 from git
Opening repository for path='/home/meatshifter/MagicPuddle' failed; ex=Failed to execute git {
  "exitCode": 128,
  "gitErrorCode": "NotAGitRepository",
  "gitCommand": "rev-parse",
  "stdout": "",
  "stderr": "fatal: not a git repository (or any parent up to mount point /)\nStopping at filesystem boundary (GIT_DISCOVERY_ACROSS_FILESYSTEM not set).\n"
}
> git rev-parse --git-dir
Open repository: /home/meatshifter/MagicPuddle/OS
> git status -z -u
> git symbolic-ref --short HEAD
> git rev-parse --git-dir
> git for-each-ref --format=%(refname)%00%(upstream:short)%00%(objectname)%00%(upstream:track) refs/heads/main refs/remotes/main
> git for-each-ref --sort -committerdate --format %(refname) %(objectname) %(*objectname)
> git remote --verbose
Open repository: /home/meatshifter/MagicPuddle/MPBook
> git status -z -u
> git show --textconv :README.md
> git ls-files --stage -- /home/meatshifter/MagicPuddle/OS/README.md
> git symbolic-ref --short HEAD
Warning: Failed to watch ref '/home/meatshifter/MagicPuddle/OS/.git/refs/remotes/origin/main', is most likely packed.
> git config --get commit.template
> git for-each-ref --format=%(refname)%00%(upstream:short)%00%(objectname)%00%(upstream:track) refs/heads/main refs/remotes/main
> git cat-file -s 6e9d0828e43da1adba0b92c855e694530899da52
> git for-each-ref --sort -committerdate --format %(refname) %(objectname) %(*objectname)
> git remote --verbose
Warning: Failed to watch ref '/home/meatshifter/MagicPuddle/MPBook/.git/refs/remotes/origin/main', is most likely packed.
> git config --get commit.template
> git check-ignore -v -z --stdin
> git check-ignore -v -z --stdin
Opening repository for path='/home/meatshifter/MagicPuddle' failed; ex=Failed to execute git {
  "exitCode": 128,
  "gitErrorCode": "NotAGitRepository",
  "gitCommand": "rev-parse",
  "stdout": "",
  "stderr": "fatal: not a git repository (or any parent up to mount point /)\nStopping at filesystem boundary (GIT_DISCOVERY_ACROSS_FILESYSTEM not set).\n"
}
Opening repository for path='/home/meatshifter/MagicPuddle' failed; ex=Failed to execute git {
  "exitCode": 128,
  "gitErrorCode": "NotAGitRepository",
  "gitCommand": "rev-parse",
  "stdout": "",
  "stderr": "fatal: not a git repository (or any parent up to mount point /)\nStopping at filesystem boundary (GIT_DISCOVERY_ACROSS_FILESYSTEM not set).\n"
}
> git check-ignore -v -z --stdin
> git show --textconv :README.md
> git ls-files --stage -- /home/meatshifter/MagicPuddle/MPBook/README.md
> git cat-file -s 6a5467683b2145de9c65d7027cb9905ff1fcc005
Opening repository for path='/home/meatshifter/.config/sway' failed; ex=Failed to execute git {
  "exitCode": 128,
  "gitErrorCode": "NotAGitRepository",
  "gitCommand": "rev-parse",
  "stdout": "",
  "stderr": "fatal: not a git repository (or any parent up to mount point /)\nStopping at filesystem boundary (GIT_DISCOVERY_ACROSS_FILESYSTEM not set).\n"
}
> git show --textconv :README.md
> git ls-files --stage -- /home/meatshifter/MagicPuddle/MPBook/README.md
> git cat-file -s 6a5467683b2145de9c65d7027cb9905ff1fcc005
Opening repository for path='/home/meatshifter/.config/sway' failed; ex=Failed to execute git {
  "exitCode": 128,
  "gitErrorCode": "NotAGitRepository",
  "gitCommand": "rev-parse",
  "stdout": "",
  "stderr": "fatal: not a git repository (or any parent up to mount point /)\nStopping at filesystem boundary (GIT_DISCOVERY_ACROSS_FILESYSTEM not set).\n"
}
> git show --textconv :README.md
> git ls-files --stage -- /home/meatshifter/MagicPuddle/MPBook/README.md
> git cat-file -s 6a5467683b2145de9c65d7027cb9905ff1fcc005
> git check-ignore -v -z --stdin
> git show --textconv :README.md
> git ls-files --stage -- /home/meatshifter/MagicPuddle/OS/README.md
> git cat-file -s 6e9d0828e43da1adba0b92c855e694530899da52
Opening repository for path='/home/meatshifter/MagicPuddle' failed; ex=Failed to execute git {
  "exitCode": 128,
  "gitErrorCode": "NotAGitRepository",
  "gitCommand": "rev-parse",
  "stdout": "",
  "stderr": "fatal: not a git repository (or any parent up to mount point /)\nStopping at filesystem boundary (GIT_DISCOVERY_ACROSS_FILESYSTEM not set).\n"
}
> git show --textconv :README.md
> git ls-files --stage -- /home/meatshifter/MagicPuddle/MPBook/README.md
> git cat-file -s 6a5467683b2145de9c65d7027cb9905ff1fcc005
> git show --textconv :README.md
> git ls-files --stage -- /home/meatshifter/MagicPuddle/MPBook/README.md
> git cat-file -s 6a5467683b2145de9c65d7027cb9905ff1fcc005
Opening repository for path='/home/meatshifter/.config/sway' failed; ex=Failed to execute git {
  "exitCode": 128,
  "gitErrorCode": "NotAGitRepository",
  "gitCommand": "rev-parse",
  "stdout": "",
  "stderr": "fatal: not a git repository (or any parent up to mount point /)\nStopping at filesystem boundary (GIT_DISCOVERY_ACROSS_FILESYSTEM not set).\n"
}
> git show --textconv :README.md
> git ls-files --stage -- /home/meatshifter/MagicPuddle/MPBook/README.md
> git cat-file -s 6a5467683b2145de9c65d7027cb9905ff1fcc005
Opening repository for path='/home/meatshifter/.config/sway' failed; ex=Failed to execute git {
  "exitCode": 128,
  "gitErrorCode": "NotAGitRepository",
  "gitCommand": "rev-parse",
  "stdout": "",
  "stderr": "fatal: not a git repository (or any parent up to mount point /)\nStopping at filesystem boundary (GIT_DISCOVERY_ACROSS_FILESYSTEM not set).\n"
}
Opening repository for path='/home/meatshifter/.config/sway' failed; ex=Failed to execute git {
  "exitCode": 128,
  "gitErrorCode": "NotAGitRepository",
  "gitCommand": "rev-parse",
  "stdout": "",
  "stderr": "fatal: not a git repository (or any parent up to mount point /)\nStopping at filesystem boundary (GIT_DISCOVERY_ACROSS_FILESYSTEM not set).\n"
}
> git show --textconv :README.md
> git ls-files --stage -- /home/meatshifter/MagicPuddle/MPBook/README.md
> git cat-file -s 6a5467683b2145de9c65d7027cb9905ff1fcc005
Opening repository for path='/home/meatshifter/.config/sway' failed; ex=Failed to execute git {
  "exitCode": 128,
  "gitErrorCode": "NotAGitRepository",
  "gitCommand": "rev-parse",
  "stdout": "",
  "stderr": "fatal: not a git repository (or any parent up to mount point /)\nStopping at filesystem boundary (GIT_DISCOVERY_ACROSS_FILESYSTEM not set).\n"
}
