[2021-12-11 20:47:07.200] [renderer1] [error] [Extension Host] (node:4426) [DEP0005] DeprecationWarning: Buffer() is deprecated due to security and usability issues. Please use the Buffer.alloc(), Buffer.allocUnsafe(), or Buffer.from() methods instead.
(Use `code --trace-deprecation ...` to show where the warning was created)
[2021-12-11 20:47:22.560] [renderer1] [info] The pty host became responsive again
[2021-12-11 21:27:25.656] [renderer1] [error] Webview is disposed: Error: Webview is disposed
    at _.assertNotDisposed (/opt/visual-studio-code/resources/app/out/vs/workbench/services/extensions/node/extensionHostProcess.js:96:84701)
    at _.get webview [as webview] (/opt/visual-studio-code/resources/app/out/vs/workbench/services/extensions/node/extensionHostProcess.js:96:83507)
    at g.asWebviewUri (/opt/visual-studio-code/resources/app/extensions/markdown-language-features/dist/extension.js:1:1265941)
    at t.MarkdownContentProvider.provideTextDocumentContent (/opt/visual-studio-code/resources/app/extensions/markdown-language-features/dist/extension.js:1:1273344)
    at /opt/visual-studio-code/resources/app/extensions/markdown-language-features/dist/extension.js:1:1261009
    at processTicksAndRejections (internal/process/task_queues.js:93:5)
[2021-12-11 21:28:57.984] [renderer1] [error] Webview is disposed: Error: Webview is disposed
    at _.assertNotDisposed (/opt/visual-studio-code/resources/app/out/vs/workbench/services/extensions/node/extensionHostProcess.js:96:84701)
    at _.get webview [as webview] (/opt/visual-studio-code/resources/app/out/vs/workbench/services/extensions/node/extensionHostProcess.js:96:83507)
    at g.asWebviewUri (/opt/visual-studio-code/resources/app/extensions/markdown-language-features/dist/extension.js:1:1265941)
    at t.MarkdownContentProvider.provideTextDocumentContent (/opt/visual-studio-code/resources/app/extensions/markdown-language-features/dist/extension.js:1:1273344)
    at /opt/visual-studio-code/resources/app/extensions/markdown-language-features/dist/extension.js:1:1261009
    at processTicksAndRejections (internal/process/task_queues.js:93:5)
[2021-12-11 21:30:32.029] [renderer1] [error] [Extension Host] (node:8406) [DEP0005] DeprecationWarning: Buffer() is deprecated due to security and usability issues. Please use the Buffer.alloc(), Buffer.allocUnsafe(), or Buffer.from() methods instead.
(Use `code --trace-deprecation ...` to show where the warning was created)
[2021-12-11 21:38:55.265] [renderer1] [warning] UNRESPONSIVE extension host, 'silentstorm.emojify' took 94% of 1293.892ms, saved PROFILE here: 'file:///tmp/exthost-b19715.cpuprofile' [{"id":"gc","total":32134,"percentage":2},{"id":"self","total":13330,"percentage":1},{"id":"silentstorm.emojify","total":1214684,"percentage":94},{"id":"vscode.git","total":20278,"percentage":2},{"id":"vscode.json-language-features","total":3180,"percentage":0},{"id":"vscode.markdown-language-features","total":9862,"percentage":1}]
[2021-12-11 21:39:06.370] [renderer1] [warning] UNRESPONSIVE extension host, 'silentstorm.emojify' took 96% of 916.667ms, saved PROFILE here: 'file:///tmp/exthost-1ed150.cpuprofile' [{"id":"bierner.emojisense","total":512,"percentage":0},{"id":"fcrespo82.markdown-table-formatter","total":1142,"percentage":0},{"id":"formulahendry.auto-rename-tag","total":1080,"percentage":0},{"id":"gc","total":10085,"percentage":1},{"id":"program","total":961,"percentage":0},{"id":"self","total":8287,"percentage":1},{"id":"silentstorm.emojify","total":877601,"percentage":96},{"id":"vscode.extension-editing","total":941,"percentage":0},{"id":"vscode.json-language-features","total":175,"percentage":0},{"id":"vscode.markdown-language-features","total":15076,"percentage":2},{"id":"vscode.merge-conflict","total":397,"percentage":0}]
[2021-12-11 21:40:34.233] [renderer1] [warning] UNRESPONSIVE extension host, 'silentstorm.emojify' took 57% of 1247.251ms, saved PROFILE here: 'file:///tmp/exthost-43ebc5.cpuprofile' [{"id":"bierner.emojisense","total":2843,"percentage":0},{"id":"formulahendry.auto-rename-tag","total":4195,"percentage":0},{"id":"gc","total":415769,"percentage":33},{"id":"program","total":32122,"percentage":3},{"id":"self","total":38322,"percentage":3},{"id":"silentstorm.emojify","total":712329,"percentage":57},{"id":"vscode.extension-editing","total":354,"percentage":0},{"id":"vscode.git","total":41317,"percentage":3}]
[2021-12-11 21:41:14.942] [renderer1] [warning] UNRESPONSIVE extension host, 'silentstorm.emojify' took 91% of 1257.687ms, saved PROFILE here: 'file:///tmp/exthost-cd3a24.cpuprofile' [{"id":"gc","total":42231,"percentage":3},{"id":"self","total":14141,"percentage":1},{"id":"silentstorm.emojify","total":1144603,"percentage":91},{"id":"vscode.git","total":23949,"percentage":2},{"id":"vscode.markdown-language-features","total":12765,"percentage":1}]
[2021-12-12 10:12:38.124] [renderer1] [warning] UNRESPONSIVE extension host, 'silentstorm.emojify' took 72% of 3413.327ms, saved PROFILE here: 'file:///tmp/exthost-6cc6c7.cpuprofile' [{"id":"gc","total":426835,"percentage":13},{"id":"program","total":466956,"percentage":14},{"id":"self","total":18724,"percentage":1},{"id":"silentstorm.emojify","total":2469966,"percentage":72},{"id":"vscode.git","total":30028,"percentage":1}]
